[26/May/2019:01:48:19] (ℹ️): WordPress Instance Info:
[26/May/2019:01:48:19] (ℹ️): Home URL : https://www.aiweikai.com
[26/May/2019:01:48:19] (ℹ️): Site URL : https://www.aiweikai.com
[26/May/2019:01:48:19] (ℹ️): WordPress Version : 5.2.1
[26/May/2019:01:48:19] (ℹ️): Onboarding Version : 1.3.6
[26/May/2019:01:48:19] (ℹ️): Multisite : No
[26/May/2019:01:48:19] (ℹ️): Server Info : nginx/1.14.2
[26/May/2019:01:48:19] (ℹ️): PHP Version : 7.2.13
[26/May/2019:01:48:19] (ℹ️): HTTPS : Yes
[26/May/2019:01:48:19] (ℹ️): PHP Max Execution Time : 300
[26/May/2019:01:48:19] (ℹ️): PHP Max Input Vars : 1000
[26/May/2019:01:48:19] (ℹ️): Max Upload Size : 52428800
[26/May/2019:01:48:19] (ℹ️): Plugins:
[26/May/2019:01:48:19] (ℹ️): [PLUGIN] Akismet Anti-Spam : v4.1.2 (Automattic)
[26/May/2019:01:48:19] (ℹ️): [PLUGIN] Comment Reply Email Notification : v1.9.0 ()
[26/May/2019:01:48:19] (ℹ️): [PLUGIN] Companion Auto Update : v3.4.1 (Papin Schipper)
[26/May/2019:01:48:19] (ℹ️): [PLUGIN] Easy Social Icons : v3.0.6 (cybernetikz)
[26/May/2019:01:48:19] (ℹ️): [PLUGIN] Jetpack by WordPress.com : v7.3.1 (Automattic)
[26/May/2019:01:48:19] (ℹ️): [PLUGIN] Orbit Fox Companion : v2.8.4 (Themeisle)
[26/May/2019:01:48:19] (ℹ️): [PLUGIN] UpdraftPlus - Backup/Restore : v1.16.14 (UpdraftPlus.Com, DavidAnderson)
[26/May/2019:01:48:19] (ℹ️): [PLUGIN] Wordfence Security : v7.3.2 (Wordfence)
[26/May/2019:01:48:19] (ℹ️): [PLUGIN] WP Accessibility : v1.6.7 (Joe Dolson)
[26/May/2019:01:48:19] (ℹ️): [PLUGIN] WP Mail SMTP : v1.4.2 (WPForms)
[26/May/2019:01:48:19] (ℹ️): [PLUGIN] WP-UTF8-Excerpt : v0.8.2 (Betty)
