2021-10-01T13:55:11+00:00 INFO Require to run updater..Start Installation/ Update process
2021-10-01T13:55:11+00:00 INFO Needs DB Update?
2021-10-01T13:55:11+00:00 INFO Current DB Version: 4.7.9
2021-10-01T13:55:11+00:00 INFO Database update require. Start updating database
2021-10-01T13:55:11+00:00 INFO Do Update....
2021-10-01T13:55:11+00:00 INFO Current IG ES DB Version: 4.7.9
2021-10-01T13:55:11+00:00 INFO [Queue] ig_es_add_engagement_score_to_contacts_table
2021-10-01T13:55:11+00:00 INFO [Queue] ig_es_calculate_existing_subscribers_engagement_score
2021-10-01T13:55:11+00:00 INFO [Queue] ig_es_update_483_db_version
2021-10-01T13:55:11+00:00 INFO Yes, we have tasks to process
2021-10-01T13:55:11+00:00 INFO --------------------- Started To Run Task Again---------------------
2021-10-01T13:55:11+00:00 INFO [Processing] ig_es_add_engagement_score_to_contacts_table
2021-10-01T13:55:11+00:00 INFO --- Running Task - ig_es_add_engagement_score_to_contacts_table
2021-10-01T13:55:12+00:00 INFO --- Finished Task - ig_es_add_engagement_score_to_contacts_table 
2021-10-01T13:55:12+00:00 INFO [Processed] ig_es_add_engagement_score_to_contacts_table
2021-10-01T13:55:12+00:00 INFO [Processing] ig_es_calculate_existing_subscribers_engagement_score
2021-10-01T13:55:12+00:00 INFO --- Running Task - ig_es_calculate_existing_subscribers_engagement_score
2021-10-01T13:55:12+00:00 INFO --- Finished Task - ig_es_calculate_existing_subscribers_engagement_score 
2021-10-01T13:55:12+00:00 INFO [Processed] ig_es_calculate_existing_subscribers_engagement_score
2021-10-01T13:55:12+00:00 INFO [Processing] ig_es_update_483_db_version
2021-10-01T13:55:12+00:00 INFO --- Running Task - ig_es_update_483_db_version
2021-10-01T13:55:12+00:00 INFO --- Finished Task - ig_es_update_483_db_version 
2021-10-01T13:55:12+00:00 INFO [Processed] ig_es_update_483_db_version
